<?xml version="1.0" encoding="UTF-8"?>
<!-- Generated by org.testng.reporters.JUnitReportReporter -->
<testsuite hostname="DESKTOP-9QLAD2I" failures="0" tests="2" name="com.tester.DemoTest" time="0.019" errors="0" timestamp="2020-11-13T08:07:24 IST" skipped="0">
  <testcase classname="com.tester.DemoTest" name="test2" time="0.001"/>
  <system-out/>
  <testcase classname="com.tester.DemoTest" name="test1" time="0.018"/>
  <system-out/>
</testsuite> <!-- com.tester.DemoTest -->
